++ OK ++ 0: /home/wzhou/csv/Sf_Zwedc_All_Al_Aa_05x.csv to ./DATA_zwedc/SfZwedcAllAlAa05x.geojson generation completed successfully.
++ OK ++ 1: /home/wzhou/csv/Sf_Zwedc_All_Al_Aa_10x.csv to ./DATA_zwedc/SfZwedcAllAlAa10x.geojson generation completed successfully.
++ OK ++ 2: /home/wzhou/csv/Sf_Zwedc_All_Al_Aa_15x.csv to ./DATA_zwedc/SfZwedcAllAlAa15x.geojson generation completed successfully.
++ OK ++ 3: /home/wzhou/csv/Sf_Zwedc_All_Al_Aa_20x.csv to ./DATA_zwedc/SfZwedcAllAlAa20x.geojson generation completed successfully.
++ OK ++ 4: /home/wzhou/csv/Sf_Zwedc_All_Al_Aa_Act.csv to ./DATA_zwedc/SfZwedcAllAlAaAct.geojson generation completed successfully.
++ OK ++ 5: /home/wzhou/csv/Sf_Zwedc_All_Al_Bi_05x.csv to ./DATA_zwedc/SfZwedcAllAlBi05x.geojson generation completed successfully.
++ OK ++ 6: /home/wzhou/csv/Sf_Zwedc_All_Al_Bi_10x.csv to ./DATA_zwedc/SfZwedcAllAlBi10x.geojson generation completed successfully.
++ OK ++ 7: /home/wzhou/csv/Sf_Zwedc_All_Al_Bi_15x.csv to ./DATA_zwedc/SfZwedcAllAlBi15x.geojson generation completed successfully.
++ OK ++ 8: /home/wzhou/csv/Sf_Zwedc_All_Al_Bi_20x.csv to ./DATA_zwedc/SfZwedcAllAlBi20x.geojson generation completed successfully.
++ OK ++ 9: /home/wzhou/csv/Sf_Zwedc_All_Al_Bi_Act.csv to ./DATA_zwedc/SfZwedcAllAlBiAct.geojson generation completed successfully.
++ OK ++ 10: /home/wzhou/csv/Sf_Zwedc_All_Al_Co_05x.csv to ./DATA_zwedc/SfZwedcAllAlCo05x.geojson generation completed successfully.
++ OK ++ 11: /home/wzhou/csv/Sf_Zwedc_All_Al_Co_10x.csv to ./DATA_zwedc/SfZwedcAllAlCo10x.geojson generation completed successfully.
++ OK ++ 12: /home/wzhou/csv/Sf_Zwedc_All_Al_Co_15x.csv to ./DATA_zwedc/SfZwedcAllAlCo15x.geojson generation completed successfully.
++ OK ++ 13: /home/wzhou/csv/Sf_Zwedc_All_Al_Co_20x.csv to ./DATA_zwedc/SfZwedcAllAlCo20x.geojson generation completed successfully.
++ OK ++ 14: /home/wzhou/csv/Sf_Zwedc_All_Al_Co_Act.csv to ./DATA_zwedc/SfZwedcAllAlCoAct.geojson generation completed successfully.
++ OK ++ 15: /home/wzhou/csv/Sf_Zwedc_All_Al_Nc_05x.csv to ./DATA_zwedc/SfZwedcAllAlNc05x.geojson generation completed successfully.
++ OK ++ 16: /home/wzhou/csv/Sf_Zwedc_All_Al_Nc_10x.csv to ./DATA_zwedc/SfZwedcAllAlNc10x.geojson generation completed successfully.
++ OK ++ 17: /home/wzhou/csv/Sf_Zwedc_All_Al_Nc_15x.csv to ./DATA_zwedc/SfZwedcAllAlNc15x.geojson generation completed successfully.
++ OK ++ 18: /home/wzhou/csv/Sf_Zwedc_All_Al_Nc_20x.csv to ./DATA_zwedc/SfZwedcAllAlNc20x.geojson generation completed successfully.
++ OK ++ 19: /home/wzhou/csv/Sf_Zwedc_All_Al_Nc_Act.csv to ./DATA_zwedc/SfZwedcAllAlNcAct.geojson generation completed successfully.
++ OK ++ 20: /home/wzhou/csv/Sf_Zwedc_All_Al_Re_05x.csv to ./DATA_zwedc/SfZwedcAllAlRe05x.geojson generation completed successfully.
++ OK ++ 21: /home/wzhou/csv/Sf_Zwedc_All_Al_Re_10x.csv to ./DATA_zwedc/SfZwedcAllAlRe10x.geojson generation completed successfully.
++ OK ++ 22: /home/wzhou/csv/Sf_Zwedc_All_Al_Re_15x.csv to ./DATA_zwedc/SfZwedcAllAlRe15x.geojson generation completed successfully.
++ OK ++ 23: /home/wzhou/csv/Sf_Zwedc_All_Al_Re_20x.csv to ./DATA_zwedc/SfZwedcAllAlRe20x.geojson generation completed successfully.
++ OK ++ 24: /home/wzhou/csv/Sf_Zwedc_All_Al_Re_Act.csv to ./DATA_zwedc/SfZwedcAllAlReAct.geojson generation completed successfully.
++ OK ++ 25: /home/wzhou/csv/Sf_Zwedc_All_Al_Tr_05x.csv to ./DATA_zwedc/SfZwedcAllAlTr05x.geojson generation completed successfully.
++ OK ++ 26: /home/wzhou/csv/Sf_Zwedc_All_Al_Tr_10x.csv to ./DATA_zwedc/SfZwedcAllAlTr10x.geojson generation completed successfully.
++ OK ++ 27: /home/wzhou/csv/Sf_Zwedc_All_Al_Tr_15x.csv to ./DATA_zwedc/SfZwedcAllAlTr15x.geojson generation completed successfully.
++ OK ++ 28: /home/wzhou/csv/Sf_Zwedc_All_Al_Tr_20x.csv to ./DATA_zwedc/SfZwedcAllAlTr20x.geojson generation completed successfully.
++ OK ++ 29: /home/wzhou/csv/Sf_Zwedc_All_Al_Tr_Act.csv to ./DATA_zwedc/SfZwedcAllAlTrAct.geojson generation completed successfully.
++ OK ++ 30: /home/wzhou/csv/Sf_Zwedc_All_Hi_Aa_05x.csv to ./DATA_zwedc/SfZwedcAllHiAa05x.geojson generation completed successfully.
++ OK ++ 31: /home/wzhou/csv/Sf_Zwedc_All_Hi_Aa_10x.csv to ./DATA_zwedc/SfZwedcAllHiAa10x.geojson generation completed successfully.
++ OK ++ 32: /home/wzhou/csv/Sf_Zwedc_All_Hi_Aa_15x.csv to ./DATA_zwedc/SfZwedcAllHiAa15x.geojson generation completed successfully.
++ OK ++ 33: /home/wzhou/csv/Sf_Zwedc_All_Hi_Aa_20x.csv to ./DATA_zwedc/SfZwedcAllHiAa20x.geojson generation completed successfully.
++ OK ++ 34: /home/wzhou/csv/Sf_Zwedc_All_Hi_Aa_Act.csv to ./DATA_zwedc/SfZwedcAllHiAaAct.geojson generation completed successfully.
++ OK ++ 35: /home/wzhou/csv/Sf_Zwedc_All_Hi_Bi_05x.csv to ./DATA_zwedc/SfZwedcAllHiBi05x.geojson generation completed successfully.
++ OK ++ 36: /home/wzhou/csv/Sf_Zwedc_All_Hi_Bi_10x.csv to ./DATA_zwedc/SfZwedcAllHiBi10x.geojson generation completed successfully.
++ OK ++ 37: /home/wzhou/csv/Sf_Zwedc_All_Hi_Bi_15x.csv to ./DATA_zwedc/SfZwedcAllHiBi15x.geojson generation completed successfully.
++ OK ++ 38: /home/wzhou/csv/Sf_Zwedc_All_Hi_Bi_20x.csv to ./DATA_zwedc/SfZwedcAllHiBi20x.geojson generation completed successfully.
++ OK ++ 39: /home/wzhou/csv/Sf_Zwedc_All_Hi_Bi_Act.csv to ./DATA_zwedc/SfZwedcAllHiBiAct.geojson generation completed successfully.
++ OK ++ 40: /home/wzhou/csv/Sf_Zwedc_All_Hi_Co_05x.csv to ./DATA_zwedc/SfZwedcAllHiCo05x.geojson generation completed successfully.
++ OK ++ 41: /home/wzhou/csv/Sf_Zwedc_All_Hi_Co_10x.csv to ./DATA_zwedc/SfZwedcAllHiCo10x.geojson generation completed successfully.
++ OK ++ 42: /home/wzhou/csv/Sf_Zwedc_All_Hi_Co_15x.csv to ./DATA_zwedc/SfZwedcAllHiCo15x.geojson generation completed successfully.
++ OK ++ 43: /home/wzhou/csv/Sf_Zwedc_All_Hi_Co_20x.csv to ./DATA_zwedc/SfZwedcAllHiCo20x.geojson generation completed successfully.
++ OK ++ 44: /home/wzhou/csv/Sf_Zwedc_All_Hi_Co_Act.csv to ./DATA_zwedc/SfZwedcAllHiCoAct.geojson generation completed successfully.
++ OK ++ 45: /home/wzhou/csv/Sf_Zwedc_All_Hi_Nc_05x.csv to ./DATA_zwedc/SfZwedcAllHiNc05x.geojson generation completed successfully.
++ OK ++ 46: /home/wzhou/csv/Sf_Zwedc_All_Hi_Nc_10x.csv to ./DATA_zwedc/SfZwedcAllHiNc10x.geojson generation completed successfully.
++ OK ++ 47: /home/wzhou/csv/Sf_Zwedc_All_Hi_Nc_15x.csv to ./DATA_zwedc/SfZwedcAllHiNc15x.geojson generation completed successfully.
++ OK ++ 48: /home/wzhou/csv/Sf_Zwedc_All_Hi_Nc_20x.csv to ./DATA_zwedc/SfZwedcAllHiNc20x.geojson generation completed successfully.
++ OK ++ 49: /home/wzhou/csv/Sf_Zwedc_All_Hi_Nc_Act.csv to ./DATA_zwedc/SfZwedcAllHiNcAct.geojson generation completed successfully.
++ OK ++ 50: /home/wzhou/csv/Sf_Zwedc_All_Hi_Re_05x.csv to ./DATA_zwedc/SfZwedcAllHiRe05x.geojson generation completed successfully.
++ OK ++ 51: /home/wzhou/csv/Sf_Zwedc_All_Hi_Re_10x.csv to ./DATA_zwedc/SfZwedcAllHiRe10x.geojson generation completed successfully.
++ OK ++ 52: /home/wzhou/csv/Sf_Zwedc_All_Hi_Re_15x.csv to ./DATA_zwedc/SfZwedcAllHiRe15x.geojson generation completed successfully.
++ OK ++ 53: /home/wzhou/csv/Sf_Zwedc_All_Hi_Re_20x.csv to ./DATA_zwedc/SfZwedcAllHiRe20x.geojson generation completed successfully.
++ OK ++ 54: /home/wzhou/csv/Sf_Zwedc_All_Hi_Re_Act.csv to ./DATA_zwedc/SfZwedcAllHiReAct.geojson generation completed successfully.
++ OK ++ 55: /home/wzhou/csv/Sf_Zwedc_All_Hi_Tr_05x.csv to ./DATA_zwedc/SfZwedcAllHiTr05x.geojson generation completed successfully.
++ OK ++ 56: /home/wzhou/csv/Sf_Zwedc_All_Hi_Tr_10x.csv to ./DATA_zwedc/SfZwedcAllHiTr10x.geojson generation completed successfully.
++ OK ++ 57: /home/wzhou/csv/Sf_Zwedc_All_Hi_Tr_15x.csv to ./DATA_zwedc/SfZwedcAllHiTr15x.geojson generation completed successfully.
++ OK ++ 58: /home/wzhou/csv/Sf_Zwedc_All_Hi_Tr_20x.csv to ./DATA_zwedc/SfZwedcAllHiTr20x.geojson generation completed successfully.
++ OK ++ 59: /home/wzhou/csv/Sf_Zwedc_All_Hi_Tr_Act.csv to ./DATA_zwedc/SfZwedcAllHiTrAct.geojson generation completed successfully.
++ OK ++ 60: /home/wzhou/csv/Sf_Zwedc_All_Lo_Aa_05x.csv to ./DATA_zwedc/SfZwedcAllLoAa05x.geojson generation completed successfully.
++ OK ++ 61: /home/wzhou/csv/Sf_Zwedc_All_Lo_Aa_10x.csv to ./DATA_zwedc/SfZwedcAllLoAa10x.geojson generation completed successfully.
++ OK ++ 62: /home/wzhou/csv/Sf_Zwedc_All_Lo_Aa_15x.csv to ./DATA_zwedc/SfZwedcAllLoAa15x.geojson generation completed successfully.
++ OK ++ 63: /home/wzhou/csv/Sf_Zwedc_All_Lo_Aa_20x.csv to ./DATA_zwedc/SfZwedcAllLoAa20x.geojson generation completed successfully.
++ OK ++ 64: /home/wzhou/csv/Sf_Zwedc_All_Lo_Aa_Act.csv to ./DATA_zwedc/SfZwedcAllLoAaAct.geojson generation completed successfully.
++ OK ++ 65: /home/wzhou/csv/Sf_Zwedc_All_Lo_Bi_05x.csv to ./DATA_zwedc/SfZwedcAllLoBi05x.geojson generation completed successfully.
++ OK ++ 66: /home/wzhou/csv/Sf_Zwedc_All_Lo_Bi_10x.csv to ./DATA_zwedc/SfZwedcAllLoBi10x.geojson generation completed successfully.
++ OK ++ 67: /home/wzhou/csv/Sf_Zwedc_All_Lo_Bi_15x.csv to ./DATA_zwedc/SfZwedcAllLoBi15x.geojson generation completed successfully.
++ OK ++ 68: /home/wzhou/csv/Sf_Zwedc_All_Lo_Bi_20x.csv to ./DATA_zwedc/SfZwedcAllLoBi20x.geojson generation completed successfully.
++ OK ++ 69: /home/wzhou/csv/Sf_Zwedc_All_Lo_Bi_Act.csv to ./DATA_zwedc/SfZwedcAllLoBiAct.geojson generation completed successfully.
++ OK ++ 70: /home/wzhou/csv/Sf_Zwedc_All_Lo_Co_05x.csv to ./DATA_zwedc/SfZwedcAllLoCo05x.geojson generation completed successfully.
++ OK ++ 71: /home/wzhou/csv/Sf_Zwedc_All_Lo_Co_10x.csv to ./DATA_zwedc/SfZwedcAllLoCo10x.geojson generation completed successfully.
++ OK ++ 72: /home/wzhou/csv/Sf_Zwedc_All_Lo_Co_15x.csv to ./DATA_zwedc/SfZwedcAllLoCo15x.geojson generation completed successfully.
++ OK ++ 73: /home/wzhou/csv/Sf_Zwedc_All_Lo_Co_20x.csv to ./DATA_zwedc/SfZwedcAllLoCo20x.geojson generation completed successfully.
++ OK ++ 74: /home/wzhou/csv/Sf_Zwedc_All_Lo_Co_Act.csv to ./DATA_zwedc/SfZwedcAllLoCoAct.geojson generation completed successfully.
++ OK ++ 75: /home/wzhou/csv/Sf_Zwedc_All_Lo_Nc_05x.csv to ./DATA_zwedc/SfZwedcAllLoNc05x.geojson generation completed successfully.
++ OK ++ 76: /home/wzhou/csv/Sf_Zwedc_All_Lo_Nc_10x.csv to ./DATA_zwedc/SfZwedcAllLoNc10x.geojson generation completed successfully.
++ OK ++ 77: /home/wzhou/csv/Sf_Zwedc_All_Lo_Nc_15x.csv to ./DATA_zwedc/SfZwedcAllLoNc15x.geojson generation completed successfully.
++ OK ++ 78: /home/wzhou/csv/Sf_Zwedc_All_Lo_Nc_20x.csv to ./DATA_zwedc/SfZwedcAllLoNc20x.geojson generation completed successfully.
++ OK ++ 79: /home/wzhou/csv/Sf_Zwedc_All_Lo_Nc_Act.csv to ./DATA_zwedc/SfZwedcAllLoNcAct.geojson generation completed successfully.
++ OK ++ 80: /home/wzhou/csv/Sf_Zwedc_All_Lo_Re_05x.csv to ./DATA_zwedc/SfZwedcAllLoRe05x.geojson generation completed successfully.
++ OK ++ 81: /home/wzhou/csv/Sf_Zwedc_All_Lo_Re_10x.csv to ./DATA_zwedc/SfZwedcAllLoRe10x.geojson generation completed successfully.
++ OK ++ 82: /home/wzhou/csv/Sf_Zwedc_All_Lo_Re_15x.csv to ./DATA_zwedc/SfZwedcAllLoRe15x.geojson generation completed successfully.
++ OK ++ 83: /home/wzhou/csv/Sf_Zwedc_All_Lo_Re_20x.csv to ./DATA_zwedc/SfZwedcAllLoRe20x.geojson generation completed successfully.
++ OK ++ 84: /home/wzhou/csv/Sf_Zwedc_All_Lo_Re_Act.csv to ./DATA_zwedc/SfZwedcAllLoReAct.geojson generation completed successfully.
++ OK ++ 85: /home/wzhou/csv/Sf_Zwedc_All_Lo_Tr_05x.csv to ./DATA_zwedc/SfZwedcAllLoTr05x.geojson generation completed successfully.
++ OK ++ 86: /home/wzhou/csv/Sf_Zwedc_All_Lo_Tr_10x.csv to ./DATA_zwedc/SfZwedcAllLoTr10x.geojson generation completed successfully.
++ OK ++ 87: /home/wzhou/csv/Sf_Zwedc_All_Lo_Tr_15x.csv to ./DATA_zwedc/SfZwedcAllLoTr15x.geojson generation completed successfully.
++ OK ++ 88: /home/wzhou/csv/Sf_Zwedc_All_Lo_Tr_20x.csv to ./DATA_zwedc/SfZwedcAllLoTr20x.geojson generation completed successfully.
++ OK ++ 89: /home/wzhou/csv/Sf_Zwedc_All_Lo_Tr_Act.csv to ./DATA_zwedc/SfZwedcAllLoTrAct.geojson generation completed successfully.
++ OK ++ 90: /home/wzhou/csv/Sf_Zwedc_Aut_Al_Aa_05x.csv to ./DATA_zwedc/SfZwedcAutAlAa05x.geojson generation completed successfully.
++ OK ++ 91: /home/wzhou/csv/Sf_Zwedc_Aut_Al_Aa_10x.csv to ./DATA_zwedc/SfZwedcAutAlAa10x.geojson generation completed successfully.
++ OK ++ 92: /home/wzhou/csv/Sf_Zwedc_Aut_Al_Aa_15x.csv to ./DATA_zwedc/SfZwedcAutAlAa15x.geojson generation completed successfully.
++ OK ++ 93: /home/wzhou/csv/Sf_Zwedc_Aut_Al_Aa_20x.csv to ./DATA_zwedc/SfZwedcAutAlAa20x.geojson generation completed successfully.
++ OK ++ 94: /home/wzhou/csv/Sf_Zwedc_Aut_Al_Aa_Act.csv to ./DATA_zwedc/SfZwedcAutAlAaAct.geojson generation completed successfully.
++ OK ++ 95: /home/wzhou/csv/Sf_Zwedc_Aut_Al_Bi_05x.csv to ./DATA_zwedc/SfZwedcAutAlBi05x.geojson generation completed successfully.
++ OK ++ 96: /home/wzhou/csv/Sf_Zwedc_Aut_Al_Bi_10x.csv to ./DATA_zwedc/SfZwedcAutAlBi10x.geojson generation completed successfully.
++ OK ++ 97: /home/wzhou/csv/Sf_Zwedc_Aut_Al_Bi_15x.csv to ./DATA_zwedc/SfZwedcAutAlBi15x.geojson generation completed successfully.
++ OK ++ 98: /home/wzhou/csv/Sf_Zwedc_Aut_Al_Bi_20x.csv to ./DATA_zwedc/SfZwedcAutAlBi20x.geojson generation completed successfully.
++ OK ++ 99: /home/wzhou/csv/Sf_Zwedc_Aut_Al_Bi_Act.csv to ./DATA_zwedc/SfZwedcAutAlBiAct.geojson generation completed successfully.
++ OK ++ 100: /home/wzhou/csv/Sf_Zwedc_Aut_Al_Co_05x.csv to ./DATA_zwedc/SfZwedcAutAlCo05x.geojson generation completed successfully.
++ OK ++ 101: /home/wzhou/csv/Sf_Zwedc_Aut_Al_Co_10x.csv to ./DATA_zwedc/SfZwedcAutAlCo10x.geojson generation completed successfully.
++ OK ++ 102: /home/wzhou/csv/Sf_Zwedc_Aut_Al_Co_15x.csv to ./DATA_zwedc/SfZwedcAutAlCo15x.geojson generation completed successfully.
++ OK ++ 103: /home/wzhou/csv/Sf_Zwedc_Aut_Al_Co_20x.csv to ./DATA_zwedc/SfZwedcAutAlCo20x.geojson generation completed successfully.
++ OK ++ 104: /home/wzhou/csv/Sf_Zwedc_Aut_Al_Co_Act.csv to ./DATA_zwedc/SfZwedcAutAlCoAct.geojson generation completed successfully.
++ OK ++ 105: /home/wzhou/csv/Sf_Zwedc_Aut_Al_Nc_05x.csv to ./DATA_zwedc/SfZwedcAutAlNc05x.geojson generation completed successfully.
++ OK ++ 106: /home/wzhou/csv/Sf_Zwedc_Aut_Al_Nc_10x.csv to ./DATA_zwedc/SfZwedcAutAlNc10x.geojson generation completed successfully.
++ OK ++ 107: /home/wzhou/csv/Sf_Zwedc_Aut_Al_Nc_15x.csv to ./DATA_zwedc/SfZwedcAutAlNc15x.geojson generation completed successfully.
++ OK ++ 108: /home/wzhou/csv/Sf_Zwedc_Aut_Al_Nc_20x.csv to ./DATA_zwedc/SfZwedcAutAlNc20x.geojson generation completed successfully.
++ OK ++ 109: /home/wzhou/csv/Sf_Zwedc_Aut_Al_Nc_Act.csv to ./DATA_zwedc/SfZwedcAutAlNcAct.geojson generation completed successfully.
++ OK ++ 110: /home/wzhou/csv/Sf_Zwedc_Aut_Al_Re_05x.csv to ./DATA_zwedc/SfZwedcAutAlRe05x.geojson generation completed successfully.
++ OK ++ 111: /home/wzhou/csv/Sf_Zwedc_Aut_Al_Re_10x.csv to ./DATA_zwedc/SfZwedcAutAlRe10x.geojson generation completed successfully.
++ OK ++ 112: /home/wzhou/csv/Sf_Zwedc_Aut_Al_Re_15x.csv to ./DATA_zwedc/SfZwedcAutAlRe15x.geojson generation completed successfully.
++ OK ++ 113: /home/wzhou/csv/Sf_Zwedc_Aut_Al_Re_20x.csv to ./DATA_zwedc/SfZwedcAutAlRe20x.geojson generation completed successfully.
++ OK ++ 114: /home/wzhou/csv/Sf_Zwedc_Aut_Al_Re_Act.csv to ./DATA_zwedc/SfZwedcAutAlReAct.geojson generation completed successfully.
++ OK ++ 115: /home/wzhou/csv/Sf_Zwedc_Aut_Al_Tr_05x.csv to ./DATA_zwedc/SfZwedcAutAlTr05x.geojson generation completed successfully.
++ OK ++ 116: /home/wzhou/csv/Sf_Zwedc_Aut_Al_Tr_10x.csv to ./DATA_zwedc/SfZwedcAutAlTr10x.geojson generation completed successfully.
++ OK ++ 117: /home/wzhou/csv/Sf_Zwedc_Aut_Al_Tr_15x.csv to ./DATA_zwedc/SfZwedcAutAlTr15x.geojson generation completed successfully.
++ OK ++ 118: /home/wzhou/csv/Sf_Zwedc_Aut_Al_Tr_20x.csv to ./DATA_zwedc/SfZwedcAutAlTr20x.geojson generation completed successfully.
++ OK ++ 119: /home/wzhou/csv/Sf_Zwedc_Aut_Al_Tr_Act.csv to ./DATA_zwedc/SfZwedcAutAlTrAct.geojson generation completed successfully.
++ OK ++ 120: /home/wzhou/csv/Sf_Zwedc_Aut_Hi_Aa_05x.csv to ./DATA_zwedc/SfZwedcAutHiAa05x.geojson generation completed successfully.
++ OK ++ 121: /home/wzhou/csv/Sf_Zwedc_Aut_Hi_Aa_10x.csv to ./DATA_zwedc/SfZwedcAutHiAa10x.geojson generation completed successfully.
++ OK ++ 122: /home/wzhou/csv/Sf_Zwedc_Aut_Hi_Aa_15x.csv to ./DATA_zwedc/SfZwedcAutHiAa15x.geojson generation completed successfully.
++ OK ++ 123: /home/wzhou/csv/Sf_Zwedc_Aut_Hi_Aa_20x.csv to ./DATA_zwedc/SfZwedcAutHiAa20x.geojson generation completed successfully.
++ OK ++ 124: /home/wzhou/csv/Sf_Zwedc_Aut_Hi_Aa_Act.csv to ./DATA_zwedc/SfZwedcAutHiAaAct.geojson generation completed successfully.
++ OK ++ 125: /home/wzhou/csv/Sf_Zwedc_Aut_Hi_Bi_05x.csv to ./DATA_zwedc/SfZwedcAutHiBi05x.geojson generation completed successfully.
++ OK ++ 126: /home/wzhou/csv/Sf_Zwedc_Aut_Hi_Bi_10x.csv to ./DATA_zwedc/SfZwedcAutHiBi10x.geojson generation completed successfully.
++ OK ++ 127: /home/wzhou/csv/Sf_Zwedc_Aut_Hi_Bi_15x.csv to ./DATA_zwedc/SfZwedcAutHiBi15x.geojson generation completed successfully.
++ OK ++ 128: /home/wzhou/csv/Sf_Zwedc_Aut_Hi_Bi_20x.csv to ./DATA_zwedc/SfZwedcAutHiBi20x.geojson generation completed successfully.
++ OK ++ 129: /home/wzhou/csv/Sf_Zwedc_Aut_Hi_Bi_Act.csv to ./DATA_zwedc/SfZwedcAutHiBiAct.geojson generation completed successfully.
++ OK ++ 130: /home/wzhou/csv/Sf_Zwedc_Aut_Hi_Co_05x.csv to ./DATA_zwedc/SfZwedcAutHiCo05x.geojson generation completed successfully.
++ OK ++ 131: /home/wzhou/csv/Sf_Zwedc_Aut_Hi_Co_10x.csv to ./DATA_zwedc/SfZwedcAutHiCo10x.geojson generation completed successfully.
++ OK ++ 132: /home/wzhou/csv/Sf_Zwedc_Aut_Hi_Co_15x.csv to ./DATA_zwedc/SfZwedcAutHiCo15x.geojson generation completed successfully.
++ OK ++ 133: /home/wzhou/csv/Sf_Zwedc_Aut_Hi_Co_20x.csv to ./DATA_zwedc/SfZwedcAutHiCo20x.geojson generation completed successfully.
++ OK ++ 134: /home/wzhou/csv/Sf_Zwedc_Aut_Hi_Co_Act.csv to ./DATA_zwedc/SfZwedcAutHiCoAct.geojson generation completed successfully.
++ OK ++ 135: /home/wzhou/csv/Sf_Zwedc_Aut_Hi_Nc_05x.csv to ./DATA_zwedc/SfZwedcAutHiNc05x.geojson generation completed successfully.
++ OK ++ 136: /home/wzhou/csv/Sf_Zwedc_Aut_Hi_Nc_10x.csv to ./DATA_zwedc/SfZwedcAutHiNc10x.geojson generation completed successfully.
++ OK ++ 137: /home/wzhou/csv/Sf_Zwedc_Aut_Hi_Nc_15x.csv to ./DATA_zwedc/SfZwedcAutHiNc15x.geojson generation completed successfully.
++ OK ++ 138: /home/wzhou/csv/Sf_Zwedc_Aut_Hi_Nc_20x.csv to ./DATA_zwedc/SfZwedcAutHiNc20x.geojson generation completed successfully.
++ OK ++ 139: /home/wzhou/csv/Sf_Zwedc_Aut_Hi_Nc_Act.csv to ./DATA_zwedc/SfZwedcAutHiNcAct.geojson generation completed successfully.
++ OK ++ 140: /home/wzhou/csv/Sf_Zwedc_Aut_Hi_Re_05x.csv to ./DATA_zwedc/SfZwedcAutHiRe05x.geojson generation completed successfully.
++ OK ++ 141: /home/wzhou/csv/Sf_Zwedc_Aut_Hi_Re_10x.csv to ./DATA_zwedc/SfZwedcAutHiRe10x.geojson generation completed successfully.
++ OK ++ 142: /home/wzhou/csv/Sf_Zwedc_Aut_Hi_Re_15x.csv to ./DATA_zwedc/SfZwedcAutHiRe15x.geojson generation completed successfully.
++ OK ++ 143: /home/wzhou/csv/Sf_Zwedc_Aut_Hi_Re_20x.csv to ./DATA_zwedc/SfZwedcAutHiRe20x.geojson generation completed successfully.
++ OK ++ 144: /home/wzhou/csv/Sf_Zwedc_Aut_Hi_Re_Act.csv to ./DATA_zwedc/SfZwedcAutHiReAct.geojson generation completed successfully.
++ OK ++ 145: /home/wzhou/csv/Sf_Zwedc_Aut_Hi_Tr_05x.csv to ./DATA_zwedc/SfZwedcAutHiTr05x.geojson generation completed successfully.
++ OK ++ 146: /home/wzhou/csv/Sf_Zwedc_Aut_Hi_Tr_10x.csv to ./DATA_zwedc/SfZwedcAutHiTr10x.geojson generation completed successfully.
++ OK ++ 147: /home/wzhou/csv/Sf_Zwedc_Aut_Hi_Tr_15x.csv to ./DATA_zwedc/SfZwedcAutHiTr15x.geojson generation completed successfully.
++ OK ++ 148: /home/wzhou/csv/Sf_Zwedc_Aut_Hi_Tr_20x.csv to ./DATA_zwedc/SfZwedcAutHiTr20x.geojson generation completed successfully.
++ OK ++ 149: /home/wzhou/csv/Sf_Zwedc_Aut_Hi_Tr_Act.csv to ./DATA_zwedc/SfZwedcAutHiTrAct.geojson generation completed successfully.
++ OK ++ 150: /home/wzhou/csv/Sf_Zwedc_Aut_Lo_Aa_05x.csv to ./DATA_zwedc/SfZwedcAutLoAa05x.geojson generation completed successfully.
++ OK ++ 151: /home/wzhou/csv/Sf_Zwedc_Aut_Lo_Aa_10x.csv to ./DATA_zwedc/SfZwedcAutLoAa10x.geojson generation completed successfully.
++ OK ++ 152: /home/wzhou/csv/Sf_Zwedc_Aut_Lo_Aa_15x.csv to ./DATA_zwedc/SfZwedcAutLoAa15x.geojson generation completed successfully.
++ OK ++ 153: /home/wzhou/csv/Sf_Zwedc_Aut_Lo_Aa_20x.csv to ./DATA_zwedc/SfZwedcAutLoAa20x.geojson generation completed successfully.
++ OK ++ 154: /home/wzhou/csv/Sf_Zwedc_Aut_Lo_Aa_Act.csv to ./DATA_zwedc/SfZwedcAutLoAaAct.geojson generation completed successfully.
++ OK ++ 155: /home/wzhou/csv/Sf_Zwedc_Aut_Lo_Bi_05x.csv to ./DATA_zwedc/SfZwedcAutLoBi05x.geojson generation completed successfully.
++ OK ++ 156: /home/wzhou/csv/Sf_Zwedc_Aut_Lo_Bi_10x.csv to ./DATA_zwedc/SfZwedcAutLoBi10x.geojson generation completed successfully.
++ OK ++ 157: /home/wzhou/csv/Sf_Zwedc_Aut_Lo_Bi_15x.csv to ./DATA_zwedc/SfZwedcAutLoBi15x.geojson generation completed successfully.
++ OK ++ 158: /home/wzhou/csv/Sf_Zwedc_Aut_Lo_Bi_20x.csv to ./DATA_zwedc/SfZwedcAutLoBi20x.geojson generation completed successfully.
++ OK ++ 159: /home/wzhou/csv/Sf_Zwedc_Aut_Lo_Bi_Act.csv to ./DATA_zwedc/SfZwedcAutLoBiAct.geojson generation completed successfully.
++ OK ++ 160: /home/wzhou/csv/Sf_Zwedc_Aut_Lo_Co_05x.csv to ./DATA_zwedc/SfZwedcAutLoCo05x.geojson generation completed successfully.
++ OK ++ 161: /home/wzhou/csv/Sf_Zwedc_Aut_Lo_Co_10x.csv to ./DATA_zwedc/SfZwedcAutLoCo10x.geojson generation completed successfully.
++ OK ++ 162: /home/wzhou/csv/Sf_Zwedc_Aut_Lo_Co_15x.csv to ./DATA_zwedc/SfZwedcAutLoCo15x.geojson generation completed successfully.
++ OK ++ 163: /home/wzhou/csv/Sf_Zwedc_Aut_Lo_Co_20x.csv to ./DATA_zwedc/SfZwedcAutLoCo20x.geojson generation completed successfully.
++ OK ++ 164: /home/wzhou/csv/Sf_Zwedc_Aut_Lo_Co_Act.csv to ./DATA_zwedc/SfZwedcAutLoCoAct.geojson generation completed successfully.
++ OK ++ 165: /home/wzhou/csv/Sf_Zwedc_Aut_Lo_Nc_05x.csv to ./DATA_zwedc/SfZwedcAutLoNc05x.geojson generation completed successfully.
++ OK ++ 166: /home/wzhou/csv/Sf_Zwedc_Aut_Lo_Nc_10x.csv to ./DATA_zwedc/SfZwedcAutLoNc10x.geojson generation completed successfully.
++ OK ++ 167: /home/wzhou/csv/Sf_Zwedc_Aut_Lo_Nc_15x.csv to ./DATA_zwedc/SfZwedcAutLoNc15x.geojson generation completed successfully.
++ OK ++ 168: /home/wzhou/csv/Sf_Zwedc_Aut_Lo_Nc_20x.csv to ./DATA_zwedc/SfZwedcAutLoNc20x.geojson generation completed successfully.
++ OK ++ 169: /home/wzhou/csv/Sf_Zwedc_Aut_Lo_Nc_Act.csv to ./DATA_zwedc/SfZwedcAutLoNcAct.geojson generation completed successfully.
++ OK ++ 170: /home/wzhou/csv/Sf_Zwedc_Aut_Lo_Re_05x.csv to ./DATA_zwedc/SfZwedcAutLoRe05x.geojson generation completed successfully.
++ OK ++ 171: /home/wzhou/csv/Sf_Zwedc_Aut_Lo_Re_10x.csv to ./DATA_zwedc/SfZwedcAutLoRe10x.geojson generation completed successfully.
++ OK ++ 172: /home/wzhou/csv/Sf_Zwedc_Aut_Lo_Re_15x.csv to ./DATA_zwedc/SfZwedcAutLoRe15x.geojson generation completed successfully.
++ OK ++ 173: /home/wzhou/csv/Sf_Zwedc_Aut_Lo_Re_20x.csv to ./DATA_zwedc/SfZwedcAutLoRe20x.geojson generation completed successfully.
++ OK ++ 174: /home/wzhou/csv/Sf_Zwedc_Aut_Lo_Re_Act.csv to ./DATA_zwedc/SfZwedcAutLoReAct.geojson generation completed successfully.
++ OK ++ 175: /home/wzhou/csv/Sf_Zwedc_Aut_Lo_Tr_05x.csv to ./DATA_zwedc/SfZwedcAutLoTr05x.geojson generation completed successfully.
++ OK ++ 176: /home/wzhou/csv/Sf_Zwedc_Aut_Lo_Tr_10x.csv to ./DATA_zwedc/SfZwedcAutLoTr10x.geojson generation completed successfully.
++ OK ++ 177: /home/wzhou/csv/Sf_Zwedc_Aut_Lo_Tr_15x.csv to ./DATA_zwedc/SfZwedcAutLoTr15x.geojson generation completed successfully.
++ OK ++ 178: /home/wzhou/csv/Sf_Zwedc_Aut_Lo_Tr_20x.csv to ./DATA_zwedc/SfZwedcAutLoTr20x.geojson generation completed successfully.
++ OK ++ 179: /home/wzhou/csv/Sf_Zwedc_Aut_Lo_Tr_Act.csv to ./DATA_zwedc/SfZwedcAutLoTrAct.geojson generation completed successfully.
++ OK ++ 180: /home/wzhou/csv/Sf_Zwedc_Spr_Al_Aa_05x.csv to ./DATA_zwedc/SfZwedcSprAlAa05x.geojson generation completed successfully.
++ OK ++ 181: /home/wzhou/csv/Sf_Zwedc_Spr_Al_Aa_10x.csv to ./DATA_zwedc/SfZwedcSprAlAa10x.geojson generation completed successfully.
++ OK ++ 182: /home/wzhou/csv/Sf_Zwedc_Spr_Al_Aa_15x.csv to ./DATA_zwedc/SfZwedcSprAlAa15x.geojson generation completed successfully.
++ OK ++ 183: /home/wzhou/csv/Sf_Zwedc_Spr_Al_Aa_20x.csv to ./DATA_zwedc/SfZwedcSprAlAa20x.geojson generation completed successfully.
++ OK ++ 184: /home/wzhou/csv/Sf_Zwedc_Spr_Al_Aa_Act.csv to ./DATA_zwedc/SfZwedcSprAlAaAct.geojson generation completed successfully.
++ OK ++ 185: /home/wzhou/csv/Sf_Zwedc_Spr_Al_Bi_05x.csv to ./DATA_zwedc/SfZwedcSprAlBi05x.geojson generation completed successfully.
++ OK ++ 186: /home/wzhou/csv/Sf_Zwedc_Spr_Al_Bi_10x.csv to ./DATA_zwedc/SfZwedcSprAlBi10x.geojson generation completed successfully.
++ OK ++ 187: /home/wzhou/csv/Sf_Zwedc_Spr_Al_Bi_15x.csv to ./DATA_zwedc/SfZwedcSprAlBi15x.geojson generation completed successfully.
++ OK ++ 188: /home/wzhou/csv/Sf_Zwedc_Spr_Al_Bi_20x.csv to ./DATA_zwedc/SfZwedcSprAlBi20x.geojson generation completed successfully.
++ OK ++ 189: /home/wzhou/csv/Sf_Zwedc_Spr_Al_Bi_Act.csv to ./DATA_zwedc/SfZwedcSprAlBiAct.geojson generation completed successfully.
++ OK ++ 190: /home/wzhou/csv/Sf_Zwedc_Spr_Al_Co_05x.csv to ./DATA_zwedc/SfZwedcSprAlCo05x.geojson generation completed successfully.
++ OK ++ 191: /home/wzhou/csv/Sf_Zwedc_Spr_Al_Co_10x.csv to ./DATA_zwedc/SfZwedcSprAlCo10x.geojson generation completed successfully.
++ OK ++ 192: /home/wzhou/csv/Sf_Zwedc_Spr_Al_Co_15x.csv to ./DATA_zwedc/SfZwedcSprAlCo15x.geojson generation completed successfully.
++ OK ++ 193: /home/wzhou/csv/Sf_Zwedc_Spr_Al_Co_20x.csv to ./DATA_zwedc/SfZwedcSprAlCo20x.geojson generation completed successfully.
++ OK ++ 194: /home/wzhou/csv/Sf_Zwedc_Spr_Al_Co_Act.csv to ./DATA_zwedc/SfZwedcSprAlCoAct.geojson generation completed successfully.
++ OK ++ 195: /home/wzhou/csv/Sf_Zwedc_Spr_Al_Nc_05x.csv to ./DATA_zwedc/SfZwedcSprAlNc05x.geojson generation completed successfully.
++ OK ++ 196: /home/wzhou/csv/Sf_Zwedc_Spr_Al_Nc_10x.csv to ./DATA_zwedc/SfZwedcSprAlNc10x.geojson generation completed successfully.
++ OK ++ 197: /home/wzhou/csv/Sf_Zwedc_Spr_Al_Nc_15x.csv to ./DATA_zwedc/SfZwedcSprAlNc15x.geojson generation completed successfully.
++ OK ++ 198: /home/wzhou/csv/Sf_Zwedc_Spr_Al_Nc_20x.csv to ./DATA_zwedc/SfZwedcSprAlNc20x.geojson generation completed successfully.
++ OK ++ 199: /home/wzhou/csv/Sf_Zwedc_Spr_Al_Nc_Act.csv to ./DATA_zwedc/SfZwedcSprAlNcAct.geojson generation completed successfully.
++ OK ++ 200: /home/wzhou/csv/Sf_Zwedc_Spr_Al_Re_05x.csv to ./DATA_zwedc/SfZwedcSprAlRe05x.geojson generation completed successfully.
++ OK ++ 201: /home/wzhou/csv/Sf_Zwedc_Spr_Al_Re_10x.csv to ./DATA_zwedc/SfZwedcSprAlRe10x.geojson generation completed successfully.
++ OK ++ 202: /home/wzhou/csv/Sf_Zwedc_Spr_Al_Re_15x.csv to ./DATA_zwedc/SfZwedcSprAlRe15x.geojson generation completed successfully.
++ OK ++ 203: /home/wzhou/csv/Sf_Zwedc_Spr_Al_Re_20x.csv to ./DATA_zwedc/SfZwedcSprAlRe20x.geojson generation completed successfully.
++ OK ++ 204: /home/wzhou/csv/Sf_Zwedc_Spr_Al_Re_Act.csv to ./DATA_zwedc/SfZwedcSprAlReAct.geojson generation completed successfully.
++ OK ++ 205: /home/wzhou/csv/Sf_Zwedc_Spr_Al_Tr_05x.csv to ./DATA_zwedc/SfZwedcSprAlTr05x.geojson generation completed successfully.
++ OK ++ 206: /home/wzhou/csv/Sf_Zwedc_Spr_Al_Tr_10x.csv to ./DATA_zwedc/SfZwedcSprAlTr10x.geojson generation completed successfully.
++ OK ++ 207: /home/wzhou/csv/Sf_Zwedc_Spr_Al_Tr_15x.csv to ./DATA_zwedc/SfZwedcSprAlTr15x.geojson generation completed successfully.
++ OK ++ 208: /home/wzhou/csv/Sf_Zwedc_Spr_Al_Tr_20x.csv to ./DATA_zwedc/SfZwedcSprAlTr20x.geojson generation completed successfully.
++ OK ++ 209: /home/wzhou/csv/Sf_Zwedc_Spr_Al_Tr_Act.csv to ./DATA_zwedc/SfZwedcSprAlTrAct.geojson generation completed successfully.
++ OK ++ 210: /home/wzhou/csv/Sf_Zwedc_Spr_Hi_Aa_05x.csv to ./DATA_zwedc/SfZwedcSprHiAa05x.geojson generation completed successfully.
++ OK ++ 211: /home/wzhou/csv/Sf_Zwedc_Spr_Hi_Aa_10x.csv to ./DATA_zwedc/SfZwedcSprHiAa10x.geojson generation completed successfully.
++ OK ++ 212: /home/wzhou/csv/Sf_Zwedc_Spr_Hi_Aa_15x.csv to ./DATA_zwedc/SfZwedcSprHiAa15x.geojson generation completed successfully.
++ OK ++ 213: /home/wzhou/csv/Sf_Zwedc_Spr_Hi_Aa_20x.csv to ./DATA_zwedc/SfZwedcSprHiAa20x.geojson generation completed successfully.
++ OK ++ 214: /home/wzhou/csv/Sf_Zwedc_Spr_Hi_Aa_Act.csv to ./DATA_zwedc/SfZwedcSprHiAaAct.geojson generation completed successfully.
++ OK ++ 215: /home/wzhou/csv/Sf_Zwedc_Spr_Hi_Bi_05x.csv to ./DATA_zwedc/SfZwedcSprHiBi05x.geojson generation completed successfully.
++ OK ++ 216: /home/wzhou/csv/Sf_Zwedc_Spr_Hi_Bi_10x.csv to ./DATA_zwedc/SfZwedcSprHiBi10x.geojson generation completed successfully.
++ OK ++ 217: /home/wzhou/csv/Sf_Zwedc_Spr_Hi_Bi_15x.csv to ./DATA_zwedc/SfZwedcSprHiBi15x.geojson generation completed successfully.
++ OK ++ 218: /home/wzhou/csv/Sf_Zwedc_Spr_Hi_Bi_20x.csv to ./DATA_zwedc/SfZwedcSprHiBi20x.geojson generation completed successfully.
++ OK ++ 219: /home/wzhou/csv/Sf_Zwedc_Spr_Hi_Bi_Act.csv to ./DATA_zwedc/SfZwedcSprHiBiAct.geojson generation completed successfully.
++ OK ++ 220: /home/wzhou/csv/Sf_Zwedc_Spr_Hi_Co_05x.csv to ./DATA_zwedc/SfZwedcSprHiCo05x.geojson generation completed successfully.
++ OK ++ 221: /home/wzhou/csv/Sf_Zwedc_Spr_Hi_Co_10x.csv to ./DATA_zwedc/SfZwedcSprHiCo10x.geojson generation completed successfully.
++ OK ++ 222: /home/wzhou/csv/Sf_Zwedc_Spr_Hi_Co_15x.csv to ./DATA_zwedc/SfZwedcSprHiCo15x.geojson generation completed successfully.
++ OK ++ 223: /home/wzhou/csv/Sf_Zwedc_Spr_Hi_Co_20x.csv to ./DATA_zwedc/SfZwedcSprHiCo20x.geojson generation completed successfully.
++ OK ++ 224: /home/wzhou/csv/Sf_Zwedc_Spr_Hi_Co_Act.csv to ./DATA_zwedc/SfZwedcSprHiCoAct.geojson generation completed successfully.
++ OK ++ 225: /home/wzhou/csv/Sf_Zwedc_Spr_Hi_Nc_05x.csv to ./DATA_zwedc/SfZwedcSprHiNc05x.geojson generation completed successfully.
++ OK ++ 226: /home/wzhou/csv/Sf_Zwedc_Spr_Hi_Nc_10x.csv to ./DATA_zwedc/SfZwedcSprHiNc10x.geojson generation completed successfully.
++ OK ++ 227: /home/wzhou/csv/Sf_Zwedc_Spr_Hi_Nc_15x.csv to ./DATA_zwedc/SfZwedcSprHiNc15x.geojson generation completed successfully.
++ OK ++ 228: /home/wzhou/csv/Sf_Zwedc_Spr_Hi_Nc_20x.csv to ./DATA_zwedc/SfZwedcSprHiNc20x.geojson generation completed successfully.
++ OK ++ 229: /home/wzhou/csv/Sf_Zwedc_Spr_Hi_Nc_Act.csv to ./DATA_zwedc/SfZwedcSprHiNcAct.geojson generation completed successfully.
++ OK ++ 230: /home/wzhou/csv/Sf_Zwedc_Spr_Hi_Re_05x.csv to ./DATA_zwedc/SfZwedcSprHiRe05x.geojson generation completed successfully.
++ OK ++ 231: /home/wzhou/csv/Sf_Zwedc_Spr_Hi_Re_10x.csv to ./DATA_zwedc/SfZwedcSprHiRe10x.geojson generation completed successfully.
++ OK ++ 232: /home/wzhou/csv/Sf_Zwedc_Spr_Hi_Re_15x.csv to ./DATA_zwedc/SfZwedcSprHiRe15x.geojson generation completed successfully.
++ OK ++ 233: /home/wzhou/csv/Sf_Zwedc_Spr_Hi_Re_20x.csv to ./DATA_zwedc/SfZwedcSprHiRe20x.geojson generation completed successfully.
++ OK ++ 234: /home/wzhou/csv/Sf_Zwedc_Spr_Hi_Re_Act.csv to ./DATA_zwedc/SfZwedcSprHiReAct.geojson generation completed successfully.
++ OK ++ 235: /home/wzhou/csv/Sf_Zwedc_Spr_Hi_Tr_05x.csv to ./DATA_zwedc/SfZwedcSprHiTr05x.geojson generation completed successfully.
++ OK ++ 236: /home/wzhou/csv/Sf_Zwedc_Spr_Hi_Tr_10x.csv to ./DATA_zwedc/SfZwedcSprHiTr10x.geojson generation completed successfully.
++ OK ++ 237: /home/wzhou/csv/Sf_Zwedc_Spr_Hi_Tr_15x.csv to ./DATA_zwedc/SfZwedcSprHiTr15x.geojson generation completed successfully.
++ OK ++ 238: /home/wzhou/csv/Sf_Zwedc_Spr_Hi_Tr_20x.csv to ./DATA_zwedc/SfZwedcSprHiTr20x.geojson generation completed successfully.
++ OK ++ 239: /home/wzhou/csv/Sf_Zwedc_Spr_Hi_Tr_Act.csv to ./DATA_zwedc/SfZwedcSprHiTrAct.geojson generation completed successfully.
++ OK ++ 240: /home/wzhou/csv/Sf_Zwedc_Spr_Lo_Aa_05x.csv to ./DATA_zwedc/SfZwedcSprLoAa05x.geojson generation completed successfully.
++ OK ++ 241: /home/wzhou/csv/Sf_Zwedc_Spr_Lo_Aa_10x.csv to ./DATA_zwedc/SfZwedcSprLoAa10x.geojson generation completed successfully.
++ OK ++ 242: /home/wzhou/csv/Sf_Zwedc_Spr_Lo_Aa_15x.csv to ./DATA_zwedc/SfZwedcSprLoAa15x.geojson generation completed successfully.
++ OK ++ 243: /home/wzhou/csv/Sf_Zwedc_Spr_Lo_Aa_20x.csv to ./DATA_zwedc/SfZwedcSprLoAa20x.geojson generation completed successfully.
++ OK ++ 244: /home/wzhou/csv/Sf_Zwedc_Spr_Lo_Aa_Act.csv to ./DATA_zwedc/SfZwedcSprLoAaAct.geojson generation completed successfully.
++ OK ++ 245: /home/wzhou/csv/Sf_Zwedc_Spr_Lo_Bi_05x.csv to ./DATA_zwedc/SfZwedcSprLoBi05x.geojson generation completed successfully.
++ OK ++ 246: /home/wzhou/csv/Sf_Zwedc_Spr_Lo_Bi_10x.csv to ./DATA_zwedc/SfZwedcSprLoBi10x.geojson generation completed successfully.
++ OK ++ 247: /home/wzhou/csv/Sf_Zwedc_Spr_Lo_Bi_15x.csv to ./DATA_zwedc/SfZwedcSprLoBi15x.geojson generation completed successfully.
++ OK ++ 248: /home/wzhou/csv/Sf_Zwedc_Spr_Lo_Bi_20x.csv to ./DATA_zwedc/SfZwedcSprLoBi20x.geojson generation completed successfully.
++ OK ++ 249: /home/wzhou/csv/Sf_Zwedc_Spr_Lo_Bi_Act.csv to ./DATA_zwedc/SfZwedcSprLoBiAct.geojson generation completed successfully.
++ OK ++ 250: /home/wzhou/csv/Sf_Zwedc_Spr_Lo_Co_05x.csv to ./DATA_zwedc/SfZwedcSprLoCo05x.geojson generation completed successfully.
++ OK ++ 251: /home/wzhou/csv/Sf_Zwedc_Spr_Lo_Co_10x.csv to ./DATA_zwedc/SfZwedcSprLoCo10x.geojson generation completed successfully.
++ OK ++ 252: /home/wzhou/csv/Sf_Zwedc_Spr_Lo_Co_15x.csv to ./DATA_zwedc/SfZwedcSprLoCo15x.geojson generation completed successfully.
++ OK ++ 253: /home/wzhou/csv/Sf_Zwedc_Spr_Lo_Co_20x.csv to ./DATA_zwedc/SfZwedcSprLoCo20x.geojson generation completed successfully.
++ OK ++ 254: /home/wzhou/csv/Sf_Zwedc_Spr_Lo_Co_Act.csv to ./DATA_zwedc/SfZwedcSprLoCoAct.geojson generation completed successfully.
++ OK ++ 255: /home/wzhou/csv/Sf_Zwedc_Spr_Lo_Nc_05x.csv to ./DATA_zwedc/SfZwedcSprLoNc05x.geojson generation completed successfully.
++ OK ++ 256: /home/wzhou/csv/Sf_Zwedc_Spr_Lo_Nc_10x.csv to ./DATA_zwedc/SfZwedcSprLoNc10x.geojson generation completed successfully.
++ OK ++ 257: /home/wzhou/csv/Sf_Zwedc_Spr_Lo_Nc_15x.csv to ./DATA_zwedc/SfZwedcSprLoNc15x.geojson generation completed successfully.
++ OK ++ 258: /home/wzhou/csv/Sf_Zwedc_Spr_Lo_Nc_20x.csv to ./DATA_zwedc/SfZwedcSprLoNc20x.geojson generation completed successfully.
++ OK ++ 259: /home/wzhou/csv/Sf_Zwedc_Spr_Lo_Nc_Act.csv to ./DATA_zwedc/SfZwedcSprLoNcAct.geojson generation completed successfully.
++ OK ++ 260: /home/wzhou/csv/Sf_Zwedc_Spr_Lo_Re_05x.csv to ./DATA_zwedc/SfZwedcSprLoRe05x.geojson generation completed successfully.
++ OK ++ 261: /home/wzhou/csv/Sf_Zwedc_Spr_Lo_Re_10x.csv to ./DATA_zwedc/SfZwedcSprLoRe10x.geojson generation completed successfully.
++ OK ++ 262: /home/wzhou/csv/Sf_Zwedc_Spr_Lo_Re_15x.csv to ./DATA_zwedc/SfZwedcSprLoRe15x.geojson generation completed successfully.
++ OK ++ 263: /home/wzhou/csv/Sf_Zwedc_Spr_Lo_Re_20x.csv to ./DATA_zwedc/SfZwedcSprLoRe20x.geojson generation completed successfully.
++ OK ++ 264: /home/wzhou/csv/Sf_Zwedc_Spr_Lo_Re_Act.csv to ./DATA_zwedc/SfZwedcSprLoReAct.geojson generation completed successfully.
++ OK ++ 265: /home/wzhou/csv/Sf_Zwedc_Spr_Lo_Tr_05x.csv to ./DATA_zwedc/SfZwedcSprLoTr05x.geojson generation completed successfully.
++ OK ++ 266: /home/wzhou/csv/Sf_Zwedc_Spr_Lo_Tr_10x.csv to ./DATA_zwedc/SfZwedcSprLoTr10x.geojson generation completed successfully.
++ OK ++ 267: /home/wzhou/csv/Sf_Zwedc_Spr_Lo_Tr_15x.csv to ./DATA_zwedc/SfZwedcSprLoTr15x.geojson generation completed successfully.
++ OK ++ 268: /home/wzhou/csv/Sf_Zwedc_Spr_Lo_Tr_20x.csv to ./DATA_zwedc/SfZwedcSprLoTr20x.geojson generation completed successfully.
++ OK ++ 269: /home/wzhou/csv/Sf_Zwedc_Spr_Lo_Tr_Act.csv to ./DATA_zwedc/SfZwedcSprLoTrAct.geojson generation completed successfully.
++ OK ++ 270: /home/wzhou/csv/Sf_Zwedc_Sum_Al_Aa_05x.csv to ./DATA_zwedc/SfZwedcSumAlAa05x.geojson generation completed successfully.
++ OK ++ 271: /home/wzhou/csv/Sf_Zwedc_Sum_Al_Aa_10x.csv to ./DATA_zwedc/SfZwedcSumAlAa10x.geojson generation completed successfully.
++ OK ++ 272: /home/wzhou/csv/Sf_Zwedc_Sum_Al_Aa_15x.csv to ./DATA_zwedc/SfZwedcSumAlAa15x.geojson generation completed successfully.
++ OK ++ 273: /home/wzhou/csv/Sf_Zwedc_Sum_Al_Aa_20x.csv to ./DATA_zwedc/SfZwedcSumAlAa20x.geojson generation completed successfully.
++ OK ++ 274: /home/wzhou/csv/Sf_Zwedc_Sum_Al_Aa_Act.csv to ./DATA_zwedc/SfZwedcSumAlAaAct.geojson generation completed successfully.
++ OK ++ 275: /home/wzhou/csv/Sf_Zwedc_Sum_Al_Bi_05x.csv to ./DATA_zwedc/SfZwedcSumAlBi05x.geojson generation completed successfully.
++ OK ++ 276: /home/wzhou/csv/Sf_Zwedc_Sum_Al_Bi_10x.csv to ./DATA_zwedc/SfZwedcSumAlBi10x.geojson generation completed successfully.
++ OK ++ 277: /home/wzhou/csv/Sf_Zwedc_Sum_Al_Bi_15x.csv to ./DATA_zwedc/SfZwedcSumAlBi15x.geojson generation completed successfully.
++ OK ++ 278: /home/wzhou/csv/Sf_Zwedc_Sum_Al_Bi_20x.csv to ./DATA_zwedc/SfZwedcSumAlBi20x.geojson generation completed successfully.
++ OK ++ 279: /home/wzhou/csv/Sf_Zwedc_Sum_Al_Bi_Act.csv to ./DATA_zwedc/SfZwedcSumAlBiAct.geojson generation completed successfully.
++ OK ++ 280: /home/wzhou/csv/Sf_Zwedc_Sum_Al_Co_05x.csv to ./DATA_zwedc/SfZwedcSumAlCo05x.geojson generation completed successfully.
++ OK ++ 281: /home/wzhou/csv/Sf_Zwedc_Sum_Al_Co_10x.csv to ./DATA_zwedc/SfZwedcSumAlCo10x.geojson generation completed successfully.
++ OK ++ 282: /home/wzhou/csv/Sf_Zwedc_Sum_Al_Co_15x.csv to ./DATA_zwedc/SfZwedcSumAlCo15x.geojson generation completed successfully.
++ OK ++ 283: /home/wzhou/csv/Sf_Zwedc_Sum_Al_Co_20x.csv to ./DATA_zwedc/SfZwedcSumAlCo20x.geojson generation completed successfully.
++ OK ++ 284: /home/wzhou/csv/Sf_Zwedc_Sum_Al_Co_Act.csv to ./DATA_zwedc/SfZwedcSumAlCoAct.geojson generation completed successfully.
++ OK ++ 285: /home/wzhou/csv/Sf_Zwedc_Sum_Al_Nc_05x.csv to ./DATA_zwedc/SfZwedcSumAlNc05x.geojson generation completed successfully.
++ OK ++ 286: /home/wzhou/csv/Sf_Zwedc_Sum_Al_Nc_10x.csv to ./DATA_zwedc/SfZwedcSumAlNc10x.geojson generation completed successfully.
++ OK ++ 287: /home/wzhou/csv/Sf_Zwedc_Sum_Al_Nc_15x.csv to ./DATA_zwedc/SfZwedcSumAlNc15x.geojson generation completed successfully.
++ OK ++ 288: /home/wzhou/csv/Sf_Zwedc_Sum_Al_Nc_20x.csv to ./DATA_zwedc/SfZwedcSumAlNc20x.geojson generation completed successfully.
++ OK ++ 289: /home/wzhou/csv/Sf_Zwedc_Sum_Al_Nc_Act.csv to ./DATA_zwedc/SfZwedcSumAlNcAct.geojson generation completed successfully.
++ OK ++ 290: /home/wzhou/csv/Sf_Zwedc_Sum_Al_Re_05x.csv to ./DATA_zwedc/SfZwedcSumAlRe05x.geojson generation completed successfully.
++ OK ++ 291: /home/wzhou/csv/Sf_Zwedc_Sum_Al_Re_10x.csv to ./DATA_zwedc/SfZwedcSumAlRe10x.geojson generation completed successfully.
++ OK ++ 292: /home/wzhou/csv/Sf_Zwedc_Sum_Al_Re_15x.csv to ./DATA_zwedc/SfZwedcSumAlRe15x.geojson generation completed successfully.
++ OK ++ 293: /home/wzhou/csv/Sf_Zwedc_Sum_Al_Re_20x.csv to ./DATA_zwedc/SfZwedcSumAlRe20x.geojson generation completed successfully.
++ OK ++ 294: /home/wzhou/csv/Sf_Zwedc_Sum_Al_Re_Act.csv to ./DATA_zwedc/SfZwedcSumAlReAct.geojson generation completed successfully.
++ OK ++ 295: /home/wzhou/csv/Sf_Zwedc_Sum_Al_Tr_05x.csv to ./DATA_zwedc/SfZwedcSumAlTr05x.geojson generation completed successfully.
++ OK ++ 296: /home/wzhou/csv/Sf_Zwedc_Sum_Al_Tr_10x.csv to ./DATA_zwedc/SfZwedcSumAlTr10x.geojson generation completed successfully.
++ OK ++ 297: /home/wzhou/csv/Sf_Zwedc_Sum_Al_Tr_15x.csv to ./DATA_zwedc/SfZwedcSumAlTr15x.geojson generation completed successfully.
++ OK ++ 298: /home/wzhou/csv/Sf_Zwedc_Sum_Al_Tr_20x.csv to ./DATA_zwedc/SfZwedcSumAlTr20x.geojson generation completed successfully.
++ OK ++ 299: /home/wzhou/csv/Sf_Zwedc_Sum_Al_Tr_Act.csv to ./DATA_zwedc/SfZwedcSumAlTrAct.geojson generation completed successfully.
++ OK ++ 300: /home/wzhou/csv/Sf_Zwedc_Sum_Hi_Aa_05x.csv to ./DATA_zwedc/SfZwedcSumHiAa05x.geojson generation completed successfully.
++ OK ++ 301: /home/wzhou/csv/Sf_Zwedc_Sum_Hi_Aa_10x.csv to ./DATA_zwedc/SfZwedcSumHiAa10x.geojson generation completed successfully.
++ OK ++ 302: /home/wzhou/csv/Sf_Zwedc_Sum_Hi_Aa_15x.csv to ./DATA_zwedc/SfZwedcSumHiAa15x.geojson generation completed successfully.
++ OK ++ 303: /home/wzhou/csv/Sf_Zwedc_Sum_Hi_Aa_20x.csv to ./DATA_zwedc/SfZwedcSumHiAa20x.geojson generation completed successfully.
++ OK ++ 304: /home/wzhou/csv/Sf_Zwedc_Sum_Hi_Aa_Act.csv to ./DATA_zwedc/SfZwedcSumHiAaAct.geojson generation completed successfully.
++ OK ++ 305: /home/wzhou/csv/Sf_Zwedc_Sum_Hi_Bi_05x.csv to ./DATA_zwedc/SfZwedcSumHiBi05x.geojson generation completed successfully.
++ OK ++ 306: /home/wzhou/csv/Sf_Zwedc_Sum_Hi_Bi_10x.csv to ./DATA_zwedc/SfZwedcSumHiBi10x.geojson generation completed successfully.
++ OK ++ 307: /home/wzhou/csv/Sf_Zwedc_Sum_Hi_Bi_15x.csv to ./DATA_zwedc/SfZwedcSumHiBi15x.geojson generation completed successfully.
++ OK ++ 308: /home/wzhou/csv/Sf_Zwedc_Sum_Hi_Bi_20x.csv to ./DATA_zwedc/SfZwedcSumHiBi20x.geojson generation completed successfully.
++ OK ++ 309: /home/wzhou/csv/Sf_Zwedc_Sum_Hi_Bi_Act.csv to ./DATA_zwedc/SfZwedcSumHiBiAct.geojson generation completed successfully.
++ OK ++ 310: /home/wzhou/csv/Sf_Zwedc_Sum_Hi_Co_05x.csv to ./DATA_zwedc/SfZwedcSumHiCo05x.geojson generation completed successfully.
++ OK ++ 311: /home/wzhou/csv/Sf_Zwedc_Sum_Hi_Co_10x.csv to ./DATA_zwedc/SfZwedcSumHiCo10x.geojson generation completed successfully.
++ OK ++ 312: /home/wzhou/csv/Sf_Zwedc_Sum_Hi_Co_15x.csv to ./DATA_zwedc/SfZwedcSumHiCo15x.geojson generation completed successfully.
++ OK ++ 313: /home/wzhou/csv/Sf_Zwedc_Sum_Hi_Co_20x.csv to ./DATA_zwedc/SfZwedcSumHiCo20x.geojson generation completed successfully.
++ OK ++ 314: /home/wzhou/csv/Sf_Zwedc_Sum_Hi_Co_Act.csv to ./DATA_zwedc/SfZwedcSumHiCoAct.geojson generation completed successfully.
++ OK ++ 315: /home/wzhou/csv/Sf_Zwedc_Sum_Hi_Nc_05x.csv to ./DATA_zwedc/SfZwedcSumHiNc05x.geojson generation completed successfully.
++ OK ++ 316: /home/wzhou/csv/Sf_Zwedc_Sum_Hi_Nc_10x.csv to ./DATA_zwedc/SfZwedcSumHiNc10x.geojson generation completed successfully.
++ OK ++ 317: /home/wzhou/csv/Sf_Zwedc_Sum_Hi_Nc_15x.csv to ./DATA_zwedc/SfZwedcSumHiNc15x.geojson generation completed successfully.
++ OK ++ 318: /home/wzhou/csv/Sf_Zwedc_Sum_Hi_Nc_20x.csv to ./DATA_zwedc/SfZwedcSumHiNc20x.geojson generation completed successfully.
++ OK ++ 319: /home/wzhou/csv/Sf_Zwedc_Sum_Hi_Nc_Act.csv to ./DATA_zwedc/SfZwedcSumHiNcAct.geojson generation completed successfully.
++ OK ++ 320: /home/wzhou/csv/Sf_Zwedc_Sum_Hi_Re_05x.csv to ./DATA_zwedc/SfZwedcSumHiRe05x.geojson generation completed successfully.
++ OK ++ 321: /home/wzhou/csv/Sf_Zwedc_Sum_Hi_Re_10x.csv to ./DATA_zwedc/SfZwedcSumHiRe10x.geojson generation completed successfully.
++ OK ++ 322: /home/wzhou/csv/Sf_Zwedc_Sum_Hi_Re_15x.csv to ./DATA_zwedc/SfZwedcSumHiRe15x.geojson generation completed successfully.
++ OK ++ 323: /home/wzhou/csv/Sf_Zwedc_Sum_Hi_Re_20x.csv to ./DATA_zwedc/SfZwedcSumHiRe20x.geojson generation completed successfully.
++ OK ++ 324: /home/wzhou/csv/Sf_Zwedc_Sum_Hi_Re_Act.csv to ./DATA_zwedc/SfZwedcSumHiReAct.geojson generation completed successfully.
++ OK ++ 325: /home/wzhou/csv/Sf_Zwedc_Sum_Hi_Tr_05x.csv to ./DATA_zwedc/SfZwedcSumHiTr05x.geojson generation completed successfully.
++ OK ++ 326: /home/wzhou/csv/Sf_Zwedc_Sum_Hi_Tr_10x.csv to ./DATA_zwedc/SfZwedcSumHiTr10x.geojson generation completed successfully.
++ OK ++ 327: /home/wzhou/csv/Sf_Zwedc_Sum_Hi_Tr_15x.csv to ./DATA_zwedc/SfZwedcSumHiTr15x.geojson generation completed successfully.
++ OK ++ 328: /home/wzhou/csv/Sf_Zwedc_Sum_Hi_Tr_20x.csv to ./DATA_zwedc/SfZwedcSumHiTr20x.geojson generation completed successfully.
++ OK ++ 329: /home/wzhou/csv/Sf_Zwedc_Sum_Hi_Tr_Act.csv to ./DATA_zwedc/SfZwedcSumHiTrAct.geojson generation completed successfully.
++ OK ++ 330: /home/wzhou/csv/Sf_Zwedc_Sum_Lo_Aa_05x.csv to ./DATA_zwedc/SfZwedcSumLoAa05x.geojson generation completed successfully.
++ OK ++ 331: /home/wzhou/csv/Sf_Zwedc_Sum_Lo_Aa_10x.csv to ./DATA_zwedc/SfZwedcSumLoAa10x.geojson generation completed successfully.
++ OK ++ 332: /home/wzhou/csv/Sf_Zwedc_Sum_Lo_Aa_15x.csv to ./DATA_zwedc/SfZwedcSumLoAa15x.geojson generation completed successfully.
++ OK ++ 333: /home/wzhou/csv/Sf_Zwedc_Sum_Lo_Aa_20x.csv to ./DATA_zwedc/SfZwedcSumLoAa20x.geojson generation completed successfully.
++ OK ++ 334: /home/wzhou/csv/Sf_Zwedc_Sum_Lo_Aa_Act.csv to ./DATA_zwedc/SfZwedcSumLoAaAct.geojson generation completed successfully.
++ OK ++ 335: /home/wzhou/csv/Sf_Zwedc_Sum_Lo_Bi_05x.csv to ./DATA_zwedc/SfZwedcSumLoBi05x.geojson generation completed successfully.
++ OK ++ 336: /home/wzhou/csv/Sf_Zwedc_Sum_Lo_Bi_10x.csv to ./DATA_zwedc/SfZwedcSumLoBi10x.geojson generation completed successfully.
++ OK ++ 337: /home/wzhou/csv/Sf_Zwedc_Sum_Lo_Bi_15x.csv to ./DATA_zwedc/SfZwedcSumLoBi15x.geojson generation completed successfully.
++ OK ++ 338: /home/wzhou/csv/Sf_Zwedc_Sum_Lo_Bi_20x.csv to ./DATA_zwedc/SfZwedcSumLoBi20x.geojson generation completed successfully.
++ OK ++ 339: /home/wzhou/csv/Sf_Zwedc_Sum_Lo_Bi_Act.csv to ./DATA_zwedc/SfZwedcSumLoBiAct.geojson generation completed successfully.
++ OK ++ 340: /home/wzhou/csv/Sf_Zwedc_Sum_Lo_Co_05x.csv to ./DATA_zwedc/SfZwedcSumLoCo05x.geojson generation completed successfully.
++ OK ++ 341: /home/wzhou/csv/Sf_Zwedc_Sum_Lo_Co_10x.csv to ./DATA_zwedc/SfZwedcSumLoCo10x.geojson generation completed successfully.
++ OK ++ 342: /home/wzhou/csv/Sf_Zwedc_Sum_Lo_Co_15x.csv to ./DATA_zwedc/SfZwedcSumLoCo15x.geojson generation completed successfully.
++ OK ++ 343: /home/wzhou/csv/Sf_Zwedc_Sum_Lo_Co_20x.csv to ./DATA_zwedc/SfZwedcSumLoCo20x.geojson generation completed successfully.
++ OK ++ 344: /home/wzhou/csv/Sf_Zwedc_Sum_Lo_Co_Act.csv to ./DATA_zwedc/SfZwedcSumLoCoAct.geojson generation completed successfully.
++ OK ++ 345: /home/wzhou/csv/Sf_Zwedc_Sum_Lo_Nc_05x.csv to ./DATA_zwedc/SfZwedcSumLoNc05x.geojson generation completed successfully.
++ OK ++ 346: /home/wzhou/csv/Sf_Zwedc_Sum_Lo_Nc_10x.csv to ./DATA_zwedc/SfZwedcSumLoNc10x.geojson generation completed successfully.
++ OK ++ 347: /home/wzhou/csv/Sf_Zwedc_Sum_Lo_Nc_15x.csv to ./DATA_zwedc/SfZwedcSumLoNc15x.geojson generation completed successfully.
++ OK ++ 348: /home/wzhou/csv/Sf_Zwedc_Sum_Lo_Nc_20x.csv to ./DATA_zwedc/SfZwedcSumLoNc20x.geojson generation completed successfully.
++ OK ++ 349: /home/wzhou/csv/Sf_Zwedc_Sum_Lo_Nc_Act.csv to ./DATA_zwedc/SfZwedcSumLoNcAct.geojson generation completed successfully.
++ OK ++ 350: /home/wzhou/csv/Sf_Zwedc_Sum_Lo_Re_05x.csv to ./DATA_zwedc/SfZwedcSumLoRe05x.geojson generation completed successfully.
++ OK ++ 351: /home/wzhou/csv/Sf_Zwedc_Sum_Lo_Re_10x.csv to ./DATA_zwedc/SfZwedcSumLoRe10x.geojson generation completed successfully.
++ OK ++ 352: /home/wzhou/csv/Sf_Zwedc_Sum_Lo_Re_15x.csv to ./DATA_zwedc/SfZwedcSumLoRe15x.geojson generation completed successfully.
++ OK ++ 353: /home/wzhou/csv/Sf_Zwedc_Sum_Lo_Re_20x.csv to ./DATA_zwedc/SfZwedcSumLoRe20x.geojson generation completed successfully.
++ OK ++ 354: /home/wzhou/csv/Sf_Zwedc_Sum_Lo_Re_Act.csv to ./DATA_zwedc/SfZwedcSumLoReAct.geojson generation completed successfully.
++ OK ++ 355: /home/wzhou/csv/Sf_Zwedc_Sum_Lo_Tr_05x.csv to ./DATA_zwedc/SfZwedcSumLoTr05x.geojson generation completed successfully.
++ OK ++ 356: /home/wzhou/csv/Sf_Zwedc_Sum_Lo_Tr_10x.csv to ./DATA_zwedc/SfZwedcSumLoTr10x.geojson generation completed successfully.
++ OK ++ 357: /home/wzhou/csv/Sf_Zwedc_Sum_Lo_Tr_15x.csv to ./DATA_zwedc/SfZwedcSumLoTr15x.geojson generation completed successfully.
++ OK ++ 358: /home/wzhou/csv/Sf_Zwedc_Sum_Lo_Tr_20x.csv to ./DATA_zwedc/SfZwedcSumLoTr20x.geojson generation completed successfully.
++ OK ++ 359: /home/wzhou/csv/Sf_Zwedc_Sum_Lo_Tr_Act.csv to ./DATA_zwedc/SfZwedcSumLoTrAct.geojson generation completed successfully.
++ OK ++ 360: /home/wzhou/csv/Sf_Zwedc_Win_Al_Aa_05x.csv to ./DATA_zwedc/SfZwedcWinAlAa05x.geojson generation completed successfully.
++ OK ++ 361: /home/wzhou/csv/Sf_Zwedc_Win_Al_Aa_10x.csv to ./DATA_zwedc/SfZwedcWinAlAa10x.geojson generation completed successfully.
++ OK ++ 362: /home/wzhou/csv/Sf_Zwedc_Win_Al_Aa_15x.csv to ./DATA_zwedc/SfZwedcWinAlAa15x.geojson generation completed successfully.
++ OK ++ 363: /home/wzhou/csv/Sf_Zwedc_Win_Al_Aa_20x.csv to ./DATA_zwedc/SfZwedcWinAlAa20x.geojson generation completed successfully.
++ OK ++ 364: /home/wzhou/csv/Sf_Zwedc_Win_Al_Aa_Act.csv to ./DATA_zwedc/SfZwedcWinAlAaAct.geojson generation completed successfully.
++ OK ++ 365: /home/wzhou/csv/Sf_Zwedc_Win_Al_Bi_05x.csv to ./DATA_zwedc/SfZwedcWinAlBi05x.geojson generation completed successfully.
++ OK ++ 366: /home/wzhou/csv/Sf_Zwedc_Win_Al_Bi_10x.csv to ./DATA_zwedc/SfZwedcWinAlBi10x.geojson generation completed successfully.
++ OK ++ 367: /home/wzhou/csv/Sf_Zwedc_Win_Al_Bi_15x.csv to ./DATA_zwedc/SfZwedcWinAlBi15x.geojson generation completed successfully.
++ OK ++ 368: /home/wzhou/csv/Sf_Zwedc_Win_Al_Bi_20x.csv to ./DATA_zwedc/SfZwedcWinAlBi20x.geojson generation completed successfully.
++ OK ++ 369: /home/wzhou/csv/Sf_Zwedc_Win_Al_Bi_Act.csv to ./DATA_zwedc/SfZwedcWinAlBiAct.geojson generation completed successfully.
++ OK ++ 370: /home/wzhou/csv/Sf_Zwedc_Win_Al_Co_05x.csv to ./DATA_zwedc/SfZwedcWinAlCo05x.geojson generation completed successfully.
++ OK ++ 371: /home/wzhou/csv/Sf_Zwedc_Win_Al_Co_10x.csv to ./DATA_zwedc/SfZwedcWinAlCo10x.geojson generation completed successfully.
++ OK ++ 372: /home/wzhou/csv/Sf_Zwedc_Win_Al_Co_15x.csv to ./DATA_zwedc/SfZwedcWinAlCo15x.geojson generation completed successfully.
++ OK ++ 373: /home/wzhou/csv/Sf_Zwedc_Win_Al_Co_20x.csv to ./DATA_zwedc/SfZwedcWinAlCo20x.geojson generation completed successfully.
++ OK ++ 374: /home/wzhou/csv/Sf_Zwedc_Win_Al_Co_Act.csv to ./DATA_zwedc/SfZwedcWinAlCoAct.geojson generation completed successfully.
++ OK ++ 375: /home/wzhou/csv/Sf_Zwedc_Win_Al_Nc_05x.csv to ./DATA_zwedc/SfZwedcWinAlNc05x.geojson generation completed successfully.
++ OK ++ 376: /home/wzhou/csv/Sf_Zwedc_Win_Al_Nc_10x.csv to ./DATA_zwedc/SfZwedcWinAlNc10x.geojson generation completed successfully.
++ OK ++ 377: /home/wzhou/csv/Sf_Zwedc_Win_Al_Nc_15x.csv to ./DATA_zwedc/SfZwedcWinAlNc15x.geojson generation completed successfully.
++ OK ++ 378: /home/wzhou/csv/Sf_Zwedc_Win_Al_Nc_20x.csv to ./DATA_zwedc/SfZwedcWinAlNc20x.geojson generation completed successfully.
++ OK ++ 379: /home/wzhou/csv/Sf_Zwedc_Win_Al_Nc_Act.csv to ./DATA_zwedc/SfZwedcWinAlNcAct.geojson generation completed successfully.
++ OK ++ 380: /home/wzhou/csv/Sf_Zwedc_Win_Al_Re_05x.csv to ./DATA_zwedc/SfZwedcWinAlRe05x.geojson generation completed successfully.
++ OK ++ 381: /home/wzhou/csv/Sf_Zwedc_Win_Al_Re_10x.csv to ./DATA_zwedc/SfZwedcWinAlRe10x.geojson generation completed successfully.
++ OK ++ 382: /home/wzhou/csv/Sf_Zwedc_Win_Al_Re_15x.csv to ./DATA_zwedc/SfZwedcWinAlRe15x.geojson generation completed successfully.
++ OK ++ 383: /home/wzhou/csv/Sf_Zwedc_Win_Al_Re_20x.csv to ./DATA_zwedc/SfZwedcWinAlRe20x.geojson generation completed successfully.
++ OK ++ 384: /home/wzhou/csv/Sf_Zwedc_Win_Al_Re_Act.csv to ./DATA_zwedc/SfZwedcWinAlReAct.geojson generation completed successfully.
++ OK ++ 385: /home/wzhou/csv/Sf_Zwedc_Win_Al_Tr_05x.csv to ./DATA_zwedc/SfZwedcWinAlTr05x.geojson generation completed successfully.
++ OK ++ 386: /home/wzhou/csv/Sf_Zwedc_Win_Al_Tr_10x.csv to ./DATA_zwedc/SfZwedcWinAlTr10x.geojson generation completed successfully.
++ OK ++ 387: /home/wzhou/csv/Sf_Zwedc_Win_Al_Tr_15x.csv to ./DATA_zwedc/SfZwedcWinAlTr15x.geojson generation completed successfully.
++ OK ++ 388: /home/wzhou/csv/Sf_Zwedc_Win_Al_Tr_20x.csv to ./DATA_zwedc/SfZwedcWinAlTr20x.geojson generation completed successfully.
++ OK ++ 389: /home/wzhou/csv/Sf_Zwedc_Win_Al_Tr_Act.csv to ./DATA_zwedc/SfZwedcWinAlTrAct.geojson generation completed successfully.
++ OK ++ 390: /home/wzhou/csv/Sf_Zwedc_Win_Hi_Aa_05x.csv to ./DATA_zwedc/SfZwedcWinHiAa05x.geojson generation completed successfully.
++ OK ++ 391: /home/wzhou/csv/Sf_Zwedc_Win_Hi_Aa_10x.csv to ./DATA_zwedc/SfZwedcWinHiAa10x.geojson generation completed successfully.
++ OK ++ 392: /home/wzhou/csv/Sf_Zwedc_Win_Hi_Aa_15x.csv to ./DATA_zwedc/SfZwedcWinHiAa15x.geojson generation completed successfully.
++ OK ++ 393: /home/wzhou/csv/Sf_Zwedc_Win_Hi_Aa_20x.csv to ./DATA_zwedc/SfZwedcWinHiAa20x.geojson generation completed successfully.
++ OK ++ 394: /home/wzhou/csv/Sf_Zwedc_Win_Hi_Aa_Act.csv to ./DATA_zwedc/SfZwedcWinHiAaAct.geojson generation completed successfully.
++ OK ++ 395: /home/wzhou/csv/Sf_Zwedc_Win_Hi_Bi_05x.csv to ./DATA_zwedc/SfZwedcWinHiBi05x.geojson generation completed successfully.
++ OK ++ 396: /home/wzhou/csv/Sf_Zwedc_Win_Hi_Bi_10x.csv to ./DATA_zwedc/SfZwedcWinHiBi10x.geojson generation completed successfully.
++ OK ++ 397: /home/wzhou/csv/Sf_Zwedc_Win_Hi_Bi_15x.csv to ./DATA_zwedc/SfZwedcWinHiBi15x.geojson generation completed successfully.
++ OK ++ 398: /home/wzhou/csv/Sf_Zwedc_Win_Hi_Bi_20x.csv to ./DATA_zwedc/SfZwedcWinHiBi20x.geojson generation completed successfully.
++ OK ++ 399: /home/wzhou/csv/Sf_Zwedc_Win_Hi_Bi_Act.csv to ./DATA_zwedc/SfZwedcWinHiBiAct.geojson generation completed successfully.
++ OK ++ 400: /home/wzhou/csv/Sf_Zwedc_Win_Hi_Co_05x.csv to ./DATA_zwedc/SfZwedcWinHiCo05x.geojson generation completed successfully.
++ OK ++ 401: /home/wzhou/csv/Sf_Zwedc_Win_Hi_Co_10x.csv to ./DATA_zwedc/SfZwedcWinHiCo10x.geojson generation completed successfully.
++ OK ++ 402: /home/wzhou/csv/Sf_Zwedc_Win_Hi_Co_15x.csv to ./DATA_zwedc/SfZwedcWinHiCo15x.geojson generation completed successfully.
++ OK ++ 403: /home/wzhou/csv/Sf_Zwedc_Win_Hi_Co_20x.csv to ./DATA_zwedc/SfZwedcWinHiCo20x.geojson generation completed successfully.
++ OK ++ 404: /home/wzhou/csv/Sf_Zwedc_Win_Hi_Co_Act.csv to ./DATA_zwedc/SfZwedcWinHiCoAct.geojson generation completed successfully.
++ OK ++ 405: /home/wzhou/csv/Sf_Zwedc_Win_Hi_Nc_05x.csv to ./DATA_zwedc/SfZwedcWinHiNc05x.geojson generation completed successfully.
++ OK ++ 406: /home/wzhou/csv/Sf_Zwedc_Win_Hi_Nc_10x.csv to ./DATA_zwedc/SfZwedcWinHiNc10x.geojson generation completed successfully.
++ OK ++ 407: /home/wzhou/csv/Sf_Zwedc_Win_Hi_Nc_15x.csv to ./DATA_zwedc/SfZwedcWinHiNc15x.geojson generation completed successfully.
++ OK ++ 408: /home/wzhou/csv/Sf_Zwedc_Win_Hi_Nc_20x.csv to ./DATA_zwedc/SfZwedcWinHiNc20x.geojson generation completed successfully.
++ OK ++ 409: /home/wzhou/csv/Sf_Zwedc_Win_Hi_Nc_Act.csv to ./DATA_zwedc/SfZwedcWinHiNcAct.geojson generation completed successfully.
++ OK ++ 410: /home/wzhou/csv/Sf_Zwedc_Win_Hi_Re_05x.csv to ./DATA_zwedc/SfZwedcWinHiRe05x.geojson generation completed successfully.
++ OK ++ 411: /home/wzhou/csv/Sf_Zwedc_Win_Hi_Re_10x.csv to ./DATA_zwedc/SfZwedcWinHiRe10x.geojson generation completed successfully.
++ OK ++ 412: /home/wzhou/csv/Sf_Zwedc_Win_Hi_Re_15x.csv to ./DATA_zwedc/SfZwedcWinHiRe15x.geojson generation completed successfully.
++ OK ++ 413: /home/wzhou/csv/Sf_Zwedc_Win_Hi_Re_20x.csv to ./DATA_zwedc/SfZwedcWinHiRe20x.geojson generation completed successfully.
++ OK ++ 414: /home/wzhou/csv/Sf_Zwedc_Win_Hi_Re_Act.csv to ./DATA_zwedc/SfZwedcWinHiReAct.geojson generation completed successfully.
++ OK ++ 415: /home/wzhou/csv/Sf_Zwedc_Win_Hi_Tr_05x.csv to ./DATA_zwedc/SfZwedcWinHiTr05x.geojson generation completed successfully.
++ OK ++ 416: /home/wzhou/csv/Sf_Zwedc_Win_Hi_Tr_10x.csv to ./DATA_zwedc/SfZwedcWinHiTr10x.geojson generation completed successfully.
++ OK ++ 417: /home/wzhou/csv/Sf_Zwedc_Win_Hi_Tr_15x.csv to ./DATA_zwedc/SfZwedcWinHiTr15x.geojson generation completed successfully.
++ OK ++ 418: /home/wzhou/csv/Sf_Zwedc_Win_Hi_Tr_20x.csv to ./DATA_zwedc/SfZwedcWinHiTr20x.geojson generation completed successfully.
++ OK ++ 419: /home/wzhou/csv/Sf_Zwedc_Win_Hi_Tr_Act.csv to ./DATA_zwedc/SfZwedcWinHiTrAct.geojson generation completed successfully.
++ OK ++ 420: /home/wzhou/csv/Sf_Zwedc_Win_Lo_Aa_05x.csv to ./DATA_zwedc/SfZwedcWinLoAa05x.geojson generation completed successfully.
++ OK ++ 421: /home/wzhou/csv/Sf_Zwedc_Win_Lo_Aa_10x.csv to ./DATA_zwedc/SfZwedcWinLoAa10x.geojson generation completed successfully.
++ OK ++ 422: /home/wzhou/csv/Sf_Zwedc_Win_Lo_Aa_15x.csv to ./DATA_zwedc/SfZwedcWinLoAa15x.geojson generation completed successfully.
++ OK ++ 423: /home/wzhou/csv/Sf_Zwedc_Win_Lo_Aa_20x.csv to ./DATA_zwedc/SfZwedcWinLoAa20x.geojson generation completed successfully.
++ OK ++ 424: /home/wzhou/csv/Sf_Zwedc_Win_Lo_Aa_Act.csv to ./DATA_zwedc/SfZwedcWinLoAaAct.geojson generation completed successfully.
++ OK ++ 425: /home/wzhou/csv/Sf_Zwedc_Win_Lo_Bi_05x.csv to ./DATA_zwedc/SfZwedcWinLoBi05x.geojson generation completed successfully.
++ OK ++ 426: /home/wzhou/csv/Sf_Zwedc_Win_Lo_Bi_10x.csv to ./DATA_zwedc/SfZwedcWinLoBi10x.geojson generation completed successfully.
++ OK ++ 427: /home/wzhou/csv/Sf_Zwedc_Win_Lo_Bi_15x.csv to ./DATA_zwedc/SfZwedcWinLoBi15x.geojson generation completed successfully.
++ OK ++ 428: /home/wzhou/csv/Sf_Zwedc_Win_Lo_Bi_20x.csv to ./DATA_zwedc/SfZwedcWinLoBi20x.geojson generation completed successfully.
++ OK ++ 429: /home/wzhou/csv/Sf_Zwedc_Win_Lo_Bi_Act.csv to ./DATA_zwedc/SfZwedcWinLoBiAct.geojson generation completed successfully.
++ OK ++ 430: /home/wzhou/csv/Sf_Zwedc_Win_Lo_Co_05x.csv to ./DATA_zwedc/SfZwedcWinLoCo05x.geojson generation completed successfully.
++ OK ++ 431: /home/wzhou/csv/Sf_Zwedc_Win_Lo_Co_10x.csv to ./DATA_zwedc/SfZwedcWinLoCo10x.geojson generation completed successfully.
++ OK ++ 432: /home/wzhou/csv/Sf_Zwedc_Win_Lo_Co_15x.csv to ./DATA_zwedc/SfZwedcWinLoCo15x.geojson generation completed successfully.
++ OK ++ 433: /home/wzhou/csv/Sf_Zwedc_Win_Lo_Co_20x.csv to ./DATA_zwedc/SfZwedcWinLoCo20x.geojson generation completed successfully.
++ OK ++ 434: /home/wzhou/csv/Sf_Zwedc_Win_Lo_Co_Act.csv to ./DATA_zwedc/SfZwedcWinLoCoAct.geojson generation completed successfully.
++ OK ++ 435: /home/wzhou/csv/Sf_Zwedc_Win_Lo_Nc_05x.csv to ./DATA_zwedc/SfZwedcWinLoNc05x.geojson generation completed successfully.
++ OK ++ 436: /home/wzhou/csv/Sf_Zwedc_Win_Lo_Nc_10x.csv to ./DATA_zwedc/SfZwedcWinLoNc10x.geojson generation completed successfully.
++ OK ++ 437: /home/wzhou/csv/Sf_Zwedc_Win_Lo_Nc_15x.csv to ./DATA_zwedc/SfZwedcWinLoNc15x.geojson generation completed successfully.
++ OK ++ 438: /home/wzhou/csv/Sf_Zwedc_Win_Lo_Nc_20x.csv to ./DATA_zwedc/SfZwedcWinLoNc20x.geojson generation completed successfully.
++ OK ++ 439: /home/wzhou/csv/Sf_Zwedc_Win_Lo_Nc_Act.csv to ./DATA_zwedc/SfZwedcWinLoNcAct.geojson generation completed successfully.
++ OK ++ 440: /home/wzhou/csv/Sf_Zwedc_Win_Lo_Re_05x.csv to ./DATA_zwedc/SfZwedcWinLoRe05x.geojson generation completed successfully.
++ OK ++ 441: /home/wzhou/csv/Sf_Zwedc_Win_Lo_Re_10x.csv to ./DATA_zwedc/SfZwedcWinLoRe10x.geojson generation completed successfully.
++ OK ++ 442: /home/wzhou/csv/Sf_Zwedc_Win_Lo_Re_15x.csv to ./DATA_zwedc/SfZwedcWinLoRe15x.geojson generation completed successfully.
++ OK ++ 443: /home/wzhou/csv/Sf_Zwedc_Win_Lo_Re_20x.csv to ./DATA_zwedc/SfZwedcWinLoRe20x.geojson generation completed successfully.
++ OK ++ 444: /home/wzhou/csv/Sf_Zwedc_Win_Lo_Re_Act.csv to ./DATA_zwedc/SfZwedcWinLoReAct.geojson generation completed successfully.
++ OK ++ 445: /home/wzhou/csv/Sf_Zwedc_Win_Lo_Tr_05x.csv to ./DATA_zwedc/SfZwedcWinLoTr05x.geojson generation completed successfully.
++ OK ++ 446: /home/wzhou/csv/Sf_Zwedc_Win_Lo_Tr_10x.csv to ./DATA_zwedc/SfZwedcWinLoTr10x.geojson generation completed successfully.
++ OK ++ 447: /home/wzhou/csv/Sf_Zwedc_Win_Lo_Tr_15x.csv to ./DATA_zwedc/SfZwedcWinLoTr15x.geojson generation completed successfully.
++ OK ++ 448: /home/wzhou/csv/Sf_Zwedc_Win_Lo_Tr_20x.csv to ./DATA_zwedc/SfZwedcWinLoTr20x.geojson generation completed successfully.
++ OK ++ 449: /home/wzhou/csv/Sf_Zwedc_Win_Lo_Tr_Act.csv to ./DATA_zwedc/SfZwedcWinLoTrAct.geojson generation completed successfully.
